c:\users\xueyaojiang\desktop\jmx\jxengine\jxengine\x64\debug\vc142.pdb
c:\users\xueyaojiang\desktop\jmx\jxengine\jxengine\x64\debug\vc142.idb
c:\users\xueyaojiang\desktop\jmx\jxengine\jxengine\x64\debug\glad.obj
c:\users\xueyaojiang\desktop\jmx\jxengine\jxengine\x64\debug\uniformbuffer.obj
c:\users\xueyaojiang\desktop\jmx\jxengine\jxengine\x64\debug\tools.obj
c:\users\xueyaojiang\desktop\jmx\jxengine\jxengine\x64\debug\timer.obj
c:\users\xueyaojiang\desktop\jmx\jxengine\jxengine\x64\debug\texture.obj
c:\users\xueyaojiang\desktop\jmx\jxengine\jxengine\x64\debug\testscene.obj
c:\users\xueyaojiang\desktop\jmx\jxengine\jxengine\x64\debug\shadercompiler.obj
c:\users\xueyaojiang\desktop\jmx\jxengine\jxengine\x64\debug\scene.obj
c:\users\xueyaojiang\desktop\jmx\jxengine\jxengine\x64\debug\pass.obj
c:\users\xueyaojiang\desktop\jmx\jxengine\jxengine\x64\debug\material.obj
c:\users\xueyaojiang\desktop\jmx\jxengine\jxengine\x64\debug\loader.obj
c:\users\xueyaojiang\desktop\jmx\jxengine\jxengine\x64\debug\light.obj
c:\users\xueyaojiang\desktop\jmx\jxengine\jxengine\x64\debug\input.obj
c:\users\xueyaojiang\desktop\jmx\jxengine\jxengine\x64\debug\framebuffer.obj
c:\users\xueyaojiang\desktop\jmx\jxengine\jxengine\x64\debug\embeddeddata.obj
c:\users\xueyaojiang\desktop\jmx\jxengine\jxengine\x64\debug\designpatterns.obj
c:\users\xueyaojiang\desktop\jmx\jxengine\jxengine\x64\debug\config.obj
c:\users\xueyaojiang\desktop\jmx\jxengine\jxengine\x64\debug\camera.obj
c:\users\xueyaojiang\desktop\jmx\jxengine\jxengine\x64\debug\atmosphere.obj
c:\users\xueyaojiang\desktop\jmx\jxengine\jxengine\x64\debug\app.obj
c:\users\xueyaojiang\desktop\jmx\jxengine\jxengine\x64\debug\actor.obj
c:\users\xueyaojiang\desktop\jmx\jxengine\jxengine\x64\debug\window.obj
c:\users\xueyaojiang\desktop\jmx\jxengine\jxengine\x64\debug\vertexmodel.obj
d:\projects\jxengine\jxengine\x64\debug\actor.obj
d:\projects\jxengine\jxengine\x64\debug\app.obj
d:\projects\jxengine\jxengine\x64\debug\atmosphere.obj
d:\projects\jxengine\jxengine\x64\debug\camera.obj
d:\projects\jxengine\jxengine\x64\debug\config.obj
d:\projects\jxengine\jxengine\x64\debug\designpatterns.obj
d:\projects\jxengine\jxengine\x64\debug\embeddeddata.obj
d:\projects\jxengine\jxengine\x64\debug\framebuffer.obj
d:\projects\jxengine\jxengine\x64\debug\input.obj
d:\projects\jxengine\jxengine\x64\debug\light.obj
d:\projects\jxengine\jxengine\x64\debug\loader.obj
d:\projects\jxengine\jxengine\x64\debug\material.obj
d:\projects\jxengine\jxengine\x64\debug\pass.obj
d:\projects\jxengine\jxengine\x64\debug\scene.obj
d:\projects\jxengine\jxengine\x64\debug\shadercompiler.obj
d:\projects\jxengine\jxengine\x64\debug\testscene.obj
d:\projects\jxengine\jxengine\x64\debug\texture.obj
d:\projects\jxengine\jxengine\x64\debug\timer.obj
d:\projects\jxengine\jxengine\x64\debug\tools.obj
d:\projects\jxengine\jxengine\x64\debug\uniformbuffer.obj
d:\projects\jxengine\jxengine\x64\debug\vertexmodel.obj
d:\projects\jxengine\jxengine\x64\debug\window.obj
d:\projects\jxengine\jxengine\x64\debug\vc142.idb
d:\projects\jxengine\jxengine\x64\debug\vc143.idb
d:\projects\jxengine\jxengine\x64\debug\vc142.pdb
d:\projects\jxengine\jxengine\x64\debug\vc143.pdb
d:\projects\jxengine\x64\debug\jxengine.pdb
d:\projects\jxengine\jxengine\x64\debug\jxengine.tlog\cl.command.1.tlog
d:\projects\jxengine\jxengine\x64\debug\jxengine.tlog\cl.read.1.tlog
d:\projects\jxengine\jxengine\x64\debug\jxengine.tlog\cl.write.1.tlog
d:\projects\jxengine\jxengine\x64\debug\jxengine.tlog\link-cvtres.read.1.tlog
d:\projects\jxengine\jxengine\x64\debug\jxengine.tlog\link-cvtres.write.1.tlog
d:\projects\jxengine\jxengine\x64\debug\jxengine.tlog\link-rc.read.1.tlog
d:\projects\jxengine\jxengine\x64\debug\jxengine.tlog\link-rc.write.1.tlog
d:\projects\jxengine\jxengine\x64\debug\jxengine.tlog\link.command.1.tlog
d:\projects\jxengine\jxengine\x64\debug\jxengine.tlog\link.read.1.tlog
d:\projects\jxengine\jxengine\x64\debug\jxengine.tlog\link.write.1.tlog
