d:\projects\jxengine\jxengine\debug\vc142.pdb
d:\projects\jxengine\jxengine\debug\vc142.idb
d:\projects\jxengine\jxengine\debug\glad.obj
d:\projects\jxengine\jxengine\debug\tools.obj
d:\projects\jxengine\jxengine\debug\timer.obj
d:\projects\jxengine\jxengine\debug\tfrm_algorithm.obj
d:\projects\jxengine\jxengine\debug\texture.obj
d:\projects\jxengine\jxengine\debug\testscene.obj
d:\projects\jxengine\jxengine\debug\shadercompiler.obj
d:\projects\jxengine\jxengine\debug\scene.obj
d:\projects\jxengine\jxengine\debug\pass.obj
d:\projects\jxengine\jxengine\debug\material.obj
d:\projects\jxengine\jxengine\debug\loader.obj
d:\projects\jxengine\jxengine\debug\light.obj
d:\projects\jxengine\jxengine\debug\input.obj
d:\projects\jxengine\jxengine\debug\framebuffer.obj
d:\projects\jxengine\jxengine\debug\embeddeddata.obj
d:\projects\jxengine\jxengine\debug\designpatterns.obj
d:\projects\jxengine\jxengine\debug\config.obj
d:\projects\jxengine\jxengine\debug\camera.obj
d:\projects\jxengine\jxengine\debug\atmosphere.obj
d:\projects\jxengine\jxengine\debug\app.obj
d:\projects\jxengine\jxengine\debug\actor.obj
d:\projects\jxengine\jxengine\debug\window.obj
d:\projects\jxengine\jxengine\debug\vertexmodel.obj
d:\projects\jxengine\jxengine\debug\uniformbuffer.obj
d:\projects\jxengine\jxengine\debug\jxengine.ilk
d:\projects\jxengine\jxengine\jxengine.exe
d:\projects\jxengine\jxengine\jxengine.pdb
d:\projects\jxengine\debug\..\jxengine\jxengine.pdb
d:\projects\jxengine\jxengine\debug\jxengine.tlog\cl.command.1.tlog
d:\projects\jxengine\jxengine\debug\jxengine.tlog\cl.read.1.tlog
d:\projects\jxengine\jxengine\debug\jxengine.tlog\cl.write.1.tlog
d:\projects\jxengine\jxengine\debug\jxengine.tlog\link.command.1.tlog
d:\projects\jxengine\jxengine\debug\jxengine.tlog\link.read.1.tlog
d:\projects\jxengine\jxengine\debug\jxengine.tlog\link.write.1.tlog
